[0519/165329.841:ERROR:process_memory_win.cc(73)] ReadMemory at 0xcf0000 of 64 bytes failed: Only part of a ReadProcessMemory or WriteProcessMemory request was completed. (0x12B)
[0519/165341.334:WARNING:pe_image_reader.cc(340)] could not read dos header from C:\Program Files\Google\Chrome\Application\chrome.exe
[0519/165341.334:ERROR:process_memory_win.cc(73)] ReadMemory at 0x77a90000 of 64 bytes failed: Only part of a ReadProcessMemory or WriteProcessMemory request was completed. (0x12B)
[0519/165341.335:WARNING:pe_image_reader.cc(340)] could not read dos header from C:\WINDOWS\SYSTEM32\ntdll.dll
[0519/165341.335:ERROR:process_memory_win.cc(73)] ReadMemory at 0x77660000 of 64 bytes failed: Only part of a ReadProcessMemory or WriteProcessMemory request was completed. (0x12B)
[0519/165341.522:WARNING:pe_image_reader.cc(340)] could not read dos header from C:\WINDOWS\System32\KERNEL32.DLL
[0519/165341.525:ERROR:process_memory_win.cc(73)] ReadMemory at 0x755c0000 of 64 bytes failed: Only part of a ReadProcessMemory or WriteProcessMemory request was completed. (0x12B)
[0519/165341.525:WARNING:pe_image_reader.cc(340)] could not read dos header from C:\WINDOWS\System32\KERNELBASE.dll
[0519/165341.525:ERROR:process_memory_win.cc(73)] ReadMemory at 0x73830000 of 64 bytes failed: Only part of a ReadProcessMemory or WriteProcessMemory request was completed. (0x12B)
[0519/165341.525:WARNING:pe_image_reader.cc(340)] could not read dos header from C:\WINDOWS\SYSTEM32\apphelp.dll
[0519/165341.526:ERROR:process_memory_win.cc(73)] ReadMemory at 0x79310000 of 64 bytes failed: Only part of a ReadProcessMemory or WriteProcessMemory request was completed. (0x12B)
[0519/165341.526:WARNING:pe_image_reader.cc(340)] could not read dos header from C:\Program Files\Google\Chrome\Application\81.0.4044.138\chrome_elf.dll
[0519/165341.526:ERROR:process_memory_win.cc(73)] ReadMemory at 0x70130000 of 64 bytes failed: Only part of a ReadProcessMemory or WriteProcessMemory request was completed. (0x12B)
[0519/165341.526:WARNING:pe_image_reader.cc(340)] could not read dos header from C:\WINDOWS\SYSTEM32\VERSION.dll
[0519/165341.526:ERROR:process_memory_win.cc(73)] ReadMemory at 0x762c0000 of 64 bytes failed: Only part of a ReadProcessMemory or WriteProcessMemory request was completed. (0x12B)
[0519/165341.526:WARNING:pe_image_reader.cc(340)] could not read dos header from C:\WINDOWS\System32\msvcrt.dll
[0519/165341.526:ERROR:process_memory_win.cc(73)] ReadMemory at 0x75410000 of 64 bytes failed: Only part of a ReadProcessMemory or WriteProcessMemory request was completed. (0x12B)
[0519/165341.699:WARNING:pe_image_reader.cc(340)] could not read dos header from C:\WINDOWS\System32\bcryptPrimitives.dll
[0519/165341.699:ERROR:process_memory_win.cc(73)] ReadMemory at 0x726c0000 of 64 bytes failed: Only part of a ReadProcessMemory or WriteProcessMemory request was completed. (0x12B)
[0519/165341.700:WARNING:pe_image_reader.cc(340)] could not read dos header from C:\WINDOWS\SYSTEM32\WINMM.dll
[0519/165341.700:ERROR:process_memory_win.cc(73)] ReadMemory at 0x72690000 of 64 bytes failed: Only part of a ReadProcessMemory or WriteProcessMemory request was completed. (0x12B)
[0519/165341.700:WARNING:pe_image_reader.cc(340)] could not read dos header from C:\WINDOWS\SYSTEM32\WINMMBASE.dll
[0519/165341.700:ERROR:process_memory_win.cc(73)] ReadMemory at 0x75490000 of 64 bytes failed: Only part of a ReadProcessMemory or WriteProcessMemory request was completed. (0x12B)
[0519/165341.700:WARNING:pe_image_reader.cc(340)] could not read dos header from C:\WINDOWS\System32\cfgmgr32.dll
[0519/165341.701:ERROR:process_memory_win.cc(73)] ReadMemory at 0x75ff0000 of 64 bytes failed: Only part of a ReadProcessMemory or WriteProcessMemory request was completed. (0x12B)
[0519/165341.701:WARNING:pe_image_reader.cc(340)] could not read dos header from C:\WINDOWS\System32\ucrtbase.dll
[0519/165341.701:ERROR:process_memory_win.cc(73)] ReadMemory at 0x77540000 of 64 bytes failed: Only part of a ReadProcessMemory or WriteProcessMemory request was completed. (0x12B)
[0519/165341.701:WARNING:pe_image_reader.cc(340)] could not read dos header from C:\WINDOWS\System32\ADVAPI32.dll
[0519/165341.701:ERROR:process_memory_win.cc(73)] ReadMemory at 0x76150000 of 64 bytes failed: Only part of a ReadProcessMemory or WriteProcessMemory request was completed. (0x12B)
[0519/165341.702:WARNING:pe_image_reader.cc(340)] could not read dos header from C:\WINDOWS\System32\sechost.dll
[0519/165341.702:ERROR:process_memory_win.cc(73)] ReadMemory at 0x779c0000 of 64 bytes failed: Only part of a ReadProcessMemory or WriteProcessMemory request was completed. (0x12B)
[0519/165341.703:WARNING:pe_image_reader.cc(340)] could not read dos header from C:\WINDOWS\System32\RPCRT4.dll
[0519/165341.703:ERROR:process_memory_win.cc(73)] ReadMemory at 0xf330000 of 64 bytes failed: Only part of a ReadProcessMemory or WriteProcessMemory request was completed. (0x12B)
[0519/165341.703:WARNING:pe_image_reader.cc(340)] could not read dos header from C:\Program Files\Google\Chrome\Application\81.0.4044.138\chrome.dll
[0519/165341.703:ERROR:process_memory_win.cc(73)] ReadMemory at 0x77700000 of 64 bytes failed: Only part of a ReadProcessMemory or WriteProcessMemory request was completed. (0x12B)
[0519/165341.703:WARNING:pe_image_reader.cc(340)] could not read dos header from C:\WINDOWS\System32\WS2_32.dll
[0519/165341.703:ERROR:process_memory_win.cc(73)] ReadMemory at 0x775c0000 of 64 bytes failed: Only part of a ReadProcessMemory or WriteProcessMemory request was completed. (0x12B)
[0519/165341.704:WARNING:pe_image_reader.cc(340)] could not read dos header from C:\WINDOWS\System32\OLEAUT32.dll
[0519/165341.704:ERROR:process_memory_win.cc(73)] ReadMemory at 0x754f0000 of 64 bytes failed: Only part of a ReadProcessMemory or WriteProcessMemory request was completed. (0x12B)
[0519/165341.704:WARNING:pe_image_reader.cc(340)] could not read dos header from C:\WINDOWS\System32\msvcp_win.dll
[0519/165341.704:ERROR:process_memory_win.cc(73)] ReadMemory at 0x76cc0000 of 64 bytes failed: Only part of a ReadProcessMemory or WriteProcessMemory request was completed. (0x12B)
[0519/165341.704:WARNING:pe_image_reader.cc(340)] could not read dos header from C:\WINDOWS\System32\combase.dll
[0519/165341.704:ERROR:process_memory_win.cc(73)] ReadMemory at 0x75570000 of 64 bytes failed: Only part of a ReadProcessMemory or WriteProcessMemory request was completed. (0x12B)
[0519/165341.707:WARNING:pe_image_reader.cc(340)] could not read dos header from C:\WINDOWS\System32\WINTRUST.dll
[0519/165341.707:ERROR:process_memory_win.cc(73)] ReadMemory at 0x75350000 of 64 bytes failed: Only part of a ReadProcessMemory or WriteProcessMemory request was completed. (0x12B)
[0519/165341.707:WARNING:pe_image_reader.cc(340)] could not read dos header from C:\WINDOWS\System32\MSASN1.dll
[0519/165341.707:ERROR:process_memory_win.cc(73)] ReadMemory at 0x75ef0000 of 64 bytes failed: Only part of a ReadProcessMemory or WriteProcessMemory request was completed. (0x12B)
[0519/165341.708:WARNING:pe_image_reader.cc(340)] could not read dos header from C:\WINDOWS\System32\CRYPT32.dll
[0519/165341.708:ERROR:process_memory_win.cc(73)] ReadMemory at 0x74a20000 of 64 bytes failed: Only part of a ReadProcessMemory or WriteProcessMemory request was completed. (0x12B)
[0519/165341.708:WARNING:pe_image_reader.cc(340)] could not read dos header from C:\WINDOWS\SYSTEM32\IPHLPAPI.DLL
[0519/165341.708:ERROR:process_memory_win.cc(73)] ReadMemory at 0x6c6d0000 of 64 bytes failed: Only part of a ReadProcessMemory or WriteProcessMemory request was completed. (0x12B)
[0519/165341.708:WARNING:pe_image_reader.cc(340)] could not read dos header from C:\WINDOWS\SYSTEM32\Secur32.dll
[0519/165341.708:ERROR:process_memory_win.cc(73)] ReadMemory at 0x75230000 of 64 bytes failed: Only part of a ReadProcessMemory or WriteProcessMemory request was completed. (0x12B)
[0519/165341.709:WARNING:pe_image_reader.cc(340)] could not read dos header from C:\WINDOWS\SYSTEM32\USERENV.dll
[0519/165341.709:ERROR:process_memory_win.cc(73)] ReadMemory at 0x75360000 of 64 bytes failed: Only part of a ReadProcessMemory or WriteProcessMemory request was completed. (0x12B)
[0519/165341.709:WARNING:pe_image_reader.cc(340)] could not read dos header from C:\WINDOWS\System32\profapi.dll
[0519/165341.709:ERROR:process_memory_win.cc(73)] ReadMemory at 0x5d140000 of 64 bytes failed: Only part of a ReadProcessMemory or WriteProcessMemory request was completed. (0x12B)
[0519/165341.712:WARNING:pe_image_reader.cc(340)] could not read dos header from C:\WINDOWS\SYSTEM32\UIAutomationCore.DLL
[0519/165341.712:ERROR:process_memory_win.cc(73)] ReadMemory at 0x5b530000 of 64 bytes failed: Only part of a ReadProcessMemory or WriteProcessMemory request was completed. (0x12B)
[0519/165341.713:WARNING:pe_image_reader.cc(340)] could not read dos header from C:\WINDOWS\SYSTEM32\DWrite.dll
[0519/165341.713:ERROR:process_memory_win.cc(73)] ReadMemory at 0x5a0d0000 of 64 bytes failed: Only part of a ReadProcessMemory or WriteProcessMemory request was completed. (0x12B)
[0519/165341.714:WARNING:pe_image_reader.cc(340)] could not read dos header from C:\WINDOWS\SYSTEM32\WINSPOOL.DRV
[0519/165341.714:ERROR:process_memory_win.cc(73)] ReadMemory at 0x752f0000 of 64 bytes failed: Only part of a ReadProcessMemory or WriteProcessMemory request was completed. (0x12B)
[0519/165341.714:WARNING:pe_image_reader.cc(340)] could not read dos header from C:\WINDOWS\System32\kernel.appcore.dll
[0519/165341.714:ERROR:process_memory_win.cc(73)] ReadMemory at 0x76110000 of 64 bytes failed: Only part of a ReadProcessMemory or WriteProcessMemory request was completed. (0x12B)
[0519/165341.714:WARNING:pe_image_reader.cc(340)] could not read dos header from C:\WINDOWS\System32\bcrypt.dll
[0519/165341.714:ERROR:process_memory_win.cc(73)] ReadMemory at 0x6fe80000 of 64 bytes failed: Only part of a ReadProcessMemory or WriteProcessMemory request was completed. (0x12B)
[0519/165341.715:WARNING:pe_image_reader.cc(340)] could not read dos header from C:\WINDOWS\SYSTEM32\dbghelp.dll
[0519/165341.715:ERROR:process_memory_win.cc(73)] ReadMemory at 0x6cbb0000 of 64 bytes failed: Only part of a ReadProcessMemory or WriteProcessMemory request was completed. (0x12B)
[0519/165341.715:WARNING:pe_image_reader.cc(340)] could not read dos header from C:\WINDOWS\SYSTEM32\WINHTTP.dll
[0519/165341.715:ERROR:process_memory_win.cc(73)] ReadMemory at 0x706a0000 of 64 bytes failed: Only part of a ReadProcessMemory or WriteProcessMemory request was completed. (0x12B)
[0519/165341.715:WARNING:pe_image_reader.cc(340)] could not read dos header from C:\WINDOWS\SYSTEM32\dhcpcsvc.DLL
[0519/165341.716:ERROR:process_memory_win.cc(73)] ReadMemory at 0x76130000 of 64 bytes failed: Only part of a ReadProcessMemory or WriteProcessMemory request was completed. (0x12B)
[0519/165341.717:WARNING:pe_image_reader.cc(340)] could not read dos header from C:\WINDOWS\System32\NSI.dll
[0519/165341.717:ERROR:process_memory_win.cc(73)] ReadMemory at 0x72450000 of 64 bytes failed: Only part of a ReadProcessMemory or WriteProcessMemory request was completed. (0x12B)
[0519/165341.717:WARNING:pe_image_reader.cc(340)] could not read dos header from C:\WINDOWS\SYSTEM32\PROPSYS.dll
[0519/165341.717:ERROR:process_memory_win.cc(73)] ReadMemory at 0x777c0000 of 64 bytes failed: Only part of a ReadProcessMemory or WriteProcessMemory request was completed. (0x12B)
[0519/165341.718:WARNING:pe_image_reader.cc(340)] could not read dos header from C:\WINDOWS\System32\shcore.dll
[0519/165341.718:ERROR:process_memory_win.cc(73)] ReadMemory at 0x75200000 of 64 bytes failed: Only part of a ReadProcessMemory or WriteProcessMemory request was completed. (0x12B)
[0519/165341.718:WARNING:pe_image_reader.cc(340)] could not read dos header from C:\WINDOWS\SYSTEM32\SSPICLI.DLL
[0519/165341.718:ERROR:process_memory_win.cc(73)] ReadMemory at 0x74e10000 of 64 bytes failed: Only part of a ReadProcessMemory or WriteProcessMemory request was completed. (0x12B)
[0519/165341.719:WARNING:pe_image_reader.cc(340)] could not read dos header from C:\WINDOWS\SYSTEM32\CRYPTBASE.DLL
[0519/165341.979:ERROR:process_memory_win.cc(73)] ReadMemory at 0x3e8000 of 32768 bytes failed: Only part of a ReadProcessMemory or WriteProcessMemory request was completed. (0x12B)
[0519/165342.031:ERROR:process_memory_win.cc(73)] ReadMemory at 0x363e000 of 8192 bytes failed: Only part of a ReadProcessMemory or WriteProcessMemory request was completed. (0x12B)
[0519/165342.033:ERROR:process_memory_win.cc(73)] ReadMemory at 0x4c2e000 of 8192 bytes failed: Only part of a ReadProcessMemory or WriteProcessMemory request was completed. (0x12B)
[0519/165342.033:ERROR:process_memory_win.cc(73)] ReadMemory at 0x4d2d000 of 12288 bytes failed: Only part of a ReadProcessMemory or WriteProcessMemory request was completed. (0x12B)
[0519/165342.033:ERROR:process_memory_win.cc(73)] ReadMemory at 0x4eaf000 of 4096 bytes failed: Only part of a ReadProcessMemory or WriteProcessMemory request was completed. (0x12B)
[0519/165342.034:ERROR:process_memory_win.cc(73)] ReadMemory at 0x4fae000 of 8192 bytes failed: Only part of a ReadProcessMemory or WriteProcessMemory request was completed. (0x12B)
[0519/165342.034:ERROR:process_memory_win.cc(73)] ReadMemory at 0x57bd000 of 12288 bytes failed: Only part of a ReadProcessMemory or WriteProcessMemory request was completed. (0x12B)
[0519/165342.034:ERROR:process_memory_win.cc(73)] ReadMemory at 0x58be000 of 8192 bytes failed: Only part of a ReadProcessMemory or WriteProcessMemory request was completed. (0x12B)
[0519/165342.035:ERROR:process_memory_win.cc(73)] ReadMemory at 0x5bbc000 of 16384 bytes failed: Only part of a ReadProcessMemory or WriteProcessMemory request was completed. (0x12B)
[0519/165342.035:ERROR:process_memory_win.cc(73)] ReadMemory at 0x5cbe000 of 8192 bytes failed: Only part of a ReadProcessMemory or WriteProcessMemory request was completed. (0x12B)
[0519/165342.035:ERROR:process_memory_win.cc(73)] ReadMemory at 0x7e0d000 of 12288 bytes failed: Only part of a ReadProcessMemory or WriteProcessMemory request was completed. (0x12B)
[0519/165342.035:ERROR:process_memory_win.cc(73)] ReadMemory at 0x6bfb000 of 20480 bytes failed: Only part of a ReadProcessMemory or WriteProcessMemory request was completed. (0x12B)
[0519/165342.036:ERROR:process_memory_win.cc(73)] ReadMemory at 0x9fbe000 of 8192 bytes failed: Only part of a ReadProcessMemory or WriteProcessMemory request was completed. (0x12B)
[0519/165342.037:ERROR:process_memory_win.cc(73)] ReadMemory at 0x4b2e000 of 8192 bytes failed: Only part of a ReadProcessMemory or WriteProcessMemory request was completed. (0x12B)
[0519/165342.040:ERROR:process_memory_win.cc(73)] ReadMemory at 0xf2ff000 of 4096 bytes failed: Only part of a ReadProcessMemory or WriteProcessMemory request was completed. (0x12B)
[0519/165342.041:ERROR:process_memory_win.cc(73)] ReadMemory at 0x4ec000 of 560 bytes failed: Only part of a ReadProcessMemory or WriteProcessMemory request was completed. (0x12B)
[0519/165342.041:ERROR:process_memory_win.cc(73)] ReadMemory at 0x4ed000 of 3992 bytes failed: Only part of a ReadProcessMemory or WriteProcessMemory request was completed. (0x12B)
[0519/165342.041:ERROR:process_memory_win.cc(73)] ReadMemory at 0x4ee000 of 3992 bytes failed: Only part of a ReadProcessMemory or WriteProcessMemory request was completed. (0x12B)
[0519/165342.041:ERROR:process_memory_win.cc(73)] ReadMemory at 0x4f0000 of 3992 bytes failed: Only part of a ReadProcessMemory or WriteProcessMemory request was completed. (0x12B)
[0519/165342.042:ERROR:process_memory_win.cc(73)] ReadMemory at 0x4f1000 of 3992 bytes failed: Only part of a ReadProcessMemory or WriteProcessMemory request was completed. (0x12B)
[0519/165342.042:ERROR:process_memory_win.cc(73)] ReadMemory at 0x4f2000 of 3992 bytes failed: Only part of a ReadProcessMemory or WriteProcessMemory request was completed. (0x12B)
[0519/165342.042:ERROR:process_memory_win.cc(73)] ReadMemory at 0x4f3000 of 3992 bytes failed: Only part of a ReadProcessMemory or WriteProcessMemory request was completed. (0x12B)
[0519/165342.042:ERROR:process_memory_win.cc(73)] ReadMemory at 0x4f4000 of 3992 bytes failed: Only part of a ReadProcessMemory or WriteProcessMemory request was completed. (0x12B)
[0519/165342.042:ERROR:process_memory_win.cc(73)] ReadMemory at 0x4f5000 of 3992 bytes failed: Only part of a ReadProcessMemory or WriteProcessMemory request was completed. (0x12B)
[0519/165342.043:ERROR:process_memory_win.cc(73)] ReadMemory at 0x4f6000 of 3992 bytes failed: Only part of a ReadProcessMemory or WriteProcessMemory request was completed. (0x12B)
[0519/165342.043:ERROR:process_memory_win.cc(73)] ReadMemory at 0x4f7000 of 3992 bytes failed: Only part of a ReadProcessMemory or WriteProcessMemory request was completed. (0x12B)
[0519/165342.043:ERROR:process_memory_win.cc(73)] ReadMemory at 0x4fb000 of 3992 bytes failed: Only part of a ReadProcessMemory or WriteProcessMemory request was completed. (0x12B)
[0519/165342.043:ERROR:process_memory_win.cc(73)] ReadMemory at 0x4fe000 of 3992 bytes failed: Only part of a ReadProcessMemory or WriteProcessMemory request was completed. (0x12B)
[0519/165342.044:ERROR:process_memory_win.cc(73)] ReadMemory at 0x4ff000 of 3992 bytes failed: Only part of a ReadProcessMemory or WriteProcessMemory request was completed. (0x12B)
[0519/165342.045:ERROR:process_memory_win.cc(73)] ReadMemory at 0x501000 of 3992 bytes failed: Only part of a ReadProcessMemory or WriteProcessMemory request was completed. (0x12B)
[0519/165342.046:ERROR:process_memory_win.cc(73)] ReadMemory at 0x502000 of 3992 bytes failed: Only part of a ReadProcessMemory or WriteProcessMemory request was completed. (0x12B)
[0519/165342.046:ERROR:process_memory_win.cc(73)] ReadMemory at 0x890500 of 72 bytes failed: Only part of a ReadProcessMemory or WriteProcessMemory request was completed. (0x12B)
[0519/165342.046:ERROR:process_memory_win.cc(73)] ReadMemory at 0x890af0 of 4020 bytes failed: Only part of a ReadProcessMemory or WriteProcessMemory request was completed. (0x12B)
[0519/165342.046:ERROR:process_memory_win.cc(73)] ReadMemory at 0x891ab0 of 660 bytes failed: Only part of a ReadProcessMemory or WriteProcessMemory request was completed. (0x12B)
[0519/165342.047:ERROR:process_memory_win.cc(73)] ReadMemory at 0x891f74 of 106 bytes failed: Only part of a ReadProcessMemory or WriteProcessMemory request was completed. (0x12B)
[0519/165342.047:ERROR:process_memory_win.cc(73)] ReadMemory at 0x891fe0 of 878 bytes failed: Only part of a ReadProcessMemory or WriteProcessMemory request was completed. (0x12B)
[0519/165342.047:ERROR:process_memory_win.cc(73)] ReadMemory at 0x892350 of 106 bytes failed: Only part of a ReadProcessMemory or WriteProcessMemory request was completed. (0x12B)
[0519/165342.048:ERROR:process_memory_win.cc(73)] ReadMemory at 0x8923bc of 102 bytes failed: Only part of a ReadProcessMemory or WriteProcessMemory request was completed. (0x12B)
[0519/165342.048:ERROR:process_memory_win.cc(73)] ReadMemory at 0x892430 of 58 bytes failed: Only part of a ReadProcessMemory or WriteProcessMemory request was completed. (0x12B)
[0519/165342.048:ERROR:process_memory_win.cc(73)] ReadMemory at 0x892520 of 72 bytes failed: Only part of a ReadProcessMemory or WriteProcessMemory request was completed. (0x12B)
[0519/165342.048:ERROR:process_memory_win.cc(73)] ReadMemory at 0x892608 of 72 bytes failed: Only part of a ReadProcessMemory or WriteProcessMemory request was completed. (0x12B)
[0519/165342.048:ERROR:process_memory_win.cc(73)] ReadMemory at 0x892708 of 114 bytes failed: Only part of a ReadProcessMemory or WriteProcessMemory request was completed. (0x12B)
[0519/165342.049:ERROR:process_memory_win.cc(73)] ReadMemory at 0x8929e0 of 62 bytes failed: Only part of a ReadProcessMemory or WriteProcessMemory request was completed. (0x12B)
[0519/165342.049:ERROR:process_memory_win.cc(73)] ReadMemory at 0x892a38 of 72 bytes failed: Only part of a ReadProcessMemory or WriteProcessMemory request was completed. (0x12B)
[0519/165342.049:ERROR:process_memory_win.cc(73)] ReadMemory at 0x892b20 of 64 bytes failed: Only part of a ReadProcessMemory or WriteProcessMemory request was completed. (0x12B)
[0519/165342.049:ERROR:process_memory_win.cc(73)] ReadMemory at 0x892c28 of 72 bytes failed: Only part of a ReadProcessMemory or WriteProcessMemory request was completed. (0x12B)
[0519/165342.050:ERROR:process_memory_win.cc(73)] ReadMemory at 0x892d98 of 72 bytes failed: Only part of a ReadProcessMemory or WriteProcessMemory request was completed. (0x12B)
[0519/165342.050:ERROR:process_memory_win.cc(73)] ReadMemory at 0x892e80 of 68 bytes failed: Only part of a ReadProcessMemory or WriteProcessMemory request was completed. (0x12B)
[0519/165342.051:ERROR:process_memory_win.cc(73)] ReadMemory at 0x895810 of 58 bytes failed: Only part of a ReadProcessMemory or WriteProcessMemory request was completed. (0x12B)
[0519/165342.051:ERROR:process_memory_win.cc(73)] ReadMemory at 0x895918 of 72 bytes failed: Only part of a ReadProcessMemory or WriteProcessMemory request was completed. (0x12B)
[0519/165342.051:ERROR:process_memory_win.cc(73)] ReadMemory at 0x895a58 of 72 bytes failed: Only part of a ReadProcessMemory or WriteProcessMemory request was completed. (0x12B)
[0519/165342.051:ERROR:process_memory_win.cc(73)] ReadMemory at 0x895b40 of 142 bytes failed: Only part of a ReadProcessMemory or WriteProcessMemory request was completed. (0x12B)
[0519/165342.051:ERROR:process_memory_win.cc(73)] ReadMemory at 0x897780 of 72 bytes failed: Only part of a ReadProcessMemory or WriteProcessMemory request was completed. (0x12B)
[0519/165342.052:ERROR:process_memory_win.cc(73)] ReadMemory at 0x897830 of 66 bytes failed: Only part of a ReadProcessMemory or WriteProcessMemory request was completed. (0x12B)
[0519/165342.052:ERROR:process_memory_win.cc(73)] ReadMemory at 0x8978b0 of 62 bytes failed: Only part of a ReadProcessMemory or WriteProcessMemory request was completed. (0x12B)
[0519/165342.052:ERROR:process_memory_win.cc(73)] ReadMemory at 0x8978f8 of 134 bytes failed: Only part of a ReadProcessMemory or WriteProcessMemory request was completed. (0x12B)
[0519/165342.052:ERROR:process_memory_win.cc(73)] ReadMemory at 0x897988 of 72 bytes failed: Only part of a ReadProcessMemory or WriteProcessMemory request was completed. (0x12B)
[0519/165342.052:ERROR:process_memory_win.cc(73)] ReadMemory at 0x897a38 of 60 bytes failed: Only part of a ReadProcessMemory or WriteProcessMemory request was completed. (0x12B)
[0519/165342.053:ERROR:process_memory_win.cc(73)] ReadMemory at 0x899570 of 72 bytes failed: Only part of a ReadProcessMemory or WriteProcessMemory request was completed. (0x12B)
[0519/165342.053:ERROR:process_memory_win.cc(73)] ReadMemory at 0x899658 of 80 bytes failed: Only part of a ReadProcessMemory or WriteProcessMemory request was completed. (0x12B)
[0519/165342.053:ERROR:process_memory_win.cc(73)] ReadMemory at 0x89e558 of 64 bytes failed: Only part of a ReadProcessMemory or WriteProcessMemory request was completed. (0x12B)
[0519/165342.053:ERROR:process_memory_win.cc(73)] ReadMemory at 0x89f990 of 72 bytes failed: Only part of a ReadProcessMemory or WriteProcessMemory request was completed. (0x12B)
[0519/165342.054:ERROR:process_memory_win.cc(73)] ReadMemory at 0x89fa40 of 66 bytes failed: Only part of a ReadProcessMemory or WriteProcessMemory request was completed. (0x12B)
[0519/165342.054:ERROR:process_memory_win.cc(73)] ReadMemory at 0x89fac0 of 64 bytes failed: Only part of a ReadProcessMemory or WriteProcessMemory request was completed. (0x12B)
[0519/165342.054:ERROR:process_memory_win.cc(73)] ReadMemory at 0x89fc58 of 72 bytes failed: Only part of a ReadProcessMemory or WriteProcessMemory request was completed. (0x12B)
[0519/165342.054:ERROR:process_memory_win.cc(73)] ReadMemory at 0x89fd10 of 72 bytes failed: Only part of a ReadProcessMemory or WriteProcessMemory request was completed. (0x12B)
[0519/165342.054:ERROR:process_memory_win.cc(73)] ReadMemory at 0x89fdc0 of 62 bytes failed: Only part of a ReadProcessMemory or WriteProcessMemory request was completed. (0x12B)
[0519/165342.054:ERROR:process_memory_win.cc(73)] ReadMemory at 0x89ff80 of 64 bytes failed: Only part of a ReadProcessMemory or WriteProcessMemory request was completed. (0x12B)
[0519/165342.055:ERROR:process_memory_win.cc(73)] ReadMemory at 0x8a0108 of 72 bytes failed: Only part of a ReadProcessMemory or WriteProcessMemory request was completed. (0x12B)
[0519/165342.055:ERROR:process_memory_win.cc(73)] ReadMemory at 0x8a01b8 of 72 bytes failed: Only part of a ReadProcessMemory or WriteProcessMemory request was completed. (0x12B)
[0519/165342.055:ERROR:process_memory_win.cc(73)] ReadMemory at 0x8a0268 of 60 bytes failed: Only part of a ReadProcessMemory or WriteProcessMemory request was completed. (0x12B)
[0519/165342.055:ERROR:process_memory_win.cc(73)] ReadMemory at 0x8a1e08 of 64 bytes failed: Only part of a ReadProcessMemory or WriteProcessMemory request was completed. (0x12B)
[0519/165342.055:ERROR:process_memory_win.cc(73)] ReadMemory at 0x8a3620 of 62 bytes failed: Only part of a ReadProcessMemory or WriteProcessMemory request was completed. (0x12B)
[0519/165342.055:ERROR:process_memory_win.cc(73)] ReadMemory at 0x8a3740 of 60 bytes failed: Only part of a ReadProcessMemory or WriteProcessMemory request was completed. (0x12B)
[0519/165342.056:ERROR:process_memory_win.cc(73)] ReadMemory at 0x8a3818 of 62 bytes failed: Only part of a ReadProcessMemory or WriteProcessMemory request was completed. (0x12B)
[0519/165342.056:ERROR:process_memory_win.cc(73)] ReadMemory at 0x8a38a8 of 62 bytes failed: Only part of a ReadProcessMemory or WriteProcessMemory request was completed. (0x12B)
[0519/165342.056:ERROR:process_memory_win.cc(73)] ReadMemory at 0x8a39c8 of 62 bytes failed: Only part of a ReadProcessMemory or WriteProcessMemory request was completed. (0x12B)
[0519/165342.056:ERROR:process_memory_win.cc(73)] ReadMemory at 0x8a3a10 of 62 bytes failed: Only part of a ReadProcessMemory or WriteProcessMemory request was completed. (0x12B)
[0519/165342.057:ERROR:process_memory_win.cc(73)] ReadMemory at 0x8a3a58 of 62 bytes failed: Only part of a ReadProcessMemory or WriteProcessMemory request was completed. (0x12B)
[0519/165342.057:ERROR:process_memory_win.cc(73)] ReadMemory at 0x8a3aa0 of 62 bytes failed: Only part of a ReadProcessMemory or WriteProcessMemory request was completed. (0x12B)
[0519/165342.057:ERROR:process_memory_win.cc(73)] ReadMemory at 0x8a3b30 of 62 bytes failed: Only part of a ReadProcessMemory or WriteProcessMemory request was completed. (0x12B)
[0519/165342.058:ERROR:process_memory_win.cc(73)] ReadMemory at 0x8a3b78 of 60 bytes failed: Only part of a ReadProcessMemory or WriteProcessMemory request was completed. (0x12B)
[0519/165342.058:ERROR:process_memory_win.cc(73)] ReadMemory at 0x8a3bc0 of 60 bytes failed: Only part of a ReadProcessMemory or WriteProcessMemory request was completed. (0x12B)
[0519/165342.058:ERROR:process_memory_win.cc(73)] ReadMemory at 0x8a3c08 of 60 bytes failed: Only part of a ReadProcessMemory or WriteProcessMemory request was completed. (0x12B)
[0519/165342.058:ERROR:process_memory_win.cc(73)] ReadMemory at 0x8a3ce0 of 60 bytes failed: Only part of a ReadProcessMemory or WriteProcessMemory request was completed. (0x12B)
[0519/165342.058:ERROR:process_memory_win.cc(73)] ReadMemory at 0x8a3d28 of 62 bytes failed: Only part of a ReadProcessMemory or WriteProcessMemory request was completed. (0x12B)
[0519/165342.059:ERROR:process_memory_win.cc(73)] ReadMemory at 0x8a4b68 of 512 bytes failed: Only part of a ReadProcessMemory or WriteProcessMemory request was completed. (0x12B)
[0519/165342.059:ERROR:process_memory_win.cc(73)] ReadMemory at 0x8a5818 of 72 bytes failed: Only part of a ReadProcessMemory or WriteProcessMemory request was completed. (0x12B)
[0519/165342.061:ERROR:process_memory_win.cc(73)] ReadMemory at 0x8a58c8 of 72 bytes failed: Only part of a ReadProcessMemory or WriteProcessMemory request was completed. (0x12B)
[0519/165342.061:ERROR:process_memory_win.cc(73)] ReadMemory at 0x8a5978 of 72 bytes failed: Only part of a ReadProcessMemory or WriteProcessMemory request was completed. (0x12B)
[0519/165342.062:ERROR:process_memory_win.cc(73)] ReadMemory at 0x8a5a28 of 72 bytes failed: Only part of a ReadProcessMemory or WriteProcessMemory request was completed. (0x12B)
[0519/165342.063:ERROR:process_memory_win.cc(73)] ReadMemory at 0x8a5b88 of 72 bytes failed: Only part of a ReadProcessMemory or WriteProcessMemory request was completed. (0x12B)
[0519/165342.063:ERROR:process_memory_win.cc(73)] ReadMemory at 0x8a5c38 of 72 bytes failed: Only part of a ReadProcessMemory or WriteProcessMemory request was completed. (0x12B)
[0519/165342.063:ERROR:process_memory_win.cc(73)] ReadMemory at 0x8a5ce8 of 72 bytes failed: Only part of a ReadProcessMemory or WriteProcessMemory request was completed. (0x12B)
[0519/165342.064:ERROR:process_memory_win.cc(73)] ReadMemory at 0x8a5d98 of 72 bytes failed: Only part of a ReadProcessMemory or WriteProcessMemory request was completed. (0x12B)
[0519/165342.064:ERROR:process_memory_win.cc(73)] ReadMemory at 0x8a5e48 of 72 bytes failed: Only part of a ReadProcessMemory or WriteProcessMemory request was completed. (0x12B)
[0519/165342.064:ERROR:process_memory_win.cc(73)] ReadMemory at 0x8a5fa8 of 72 bytes failed: Only part of a ReadProcessMemory or WriteProcessMemory request was completed. (0x12B)
[0519/165342.065:ERROR:process_memory_win.cc(73)] ReadMemory at 0x8a6058 of 72 bytes failed: Only part of a ReadProcessMemory or WriteProcessMemory request was completed. (0x12B)
[0519/165342.065:ERROR:process_memory_win.cc(73)] ReadMemory at 0x8a6108 of 72 bytes failed: Only part of a ReadProcessMemory or WriteProcessMemory request was completed. (0x12B)
[0519/165342.066:ERROR:process_memory_win.cc(73)] ReadMemory at 0x8a61b8 of 72 bytes failed: Only part of a ReadProcessMemory or WriteProcessMemory request was completed. (0x12B)
[0519/165342.066:ERROR:process_memory_win.cc(73)] ReadMemory at 0x8a6268 of 72 bytes failed: Only part of a ReadProcessMemory or WriteProcessMemory request was completed. (0x12B)
[0519/165342.066:ERROR:process_memory_win.cc(73)] ReadMemory at 0x8a6318 of 72 bytes failed: Only part of a ReadProcessMemory or WriteProcessMemory request was completed. (0x12B)
[0519/165342.067:ERROR:process_memory_win.cc(73)] ReadMemory at 0x8a63c8 of 72 bytes failed: Only part of a ReadProcessMemory or WriteProcessMemory request was completed. (0x12B)
[0519/165342.067:ERROR:process_memory_win.cc(73)] ReadMemory at 0x8a6478 of 72 bytes failed: Only part of a ReadProcessMemory or WriteProcessMemory request was completed. (0x12B)
[0519/165342.067:ERROR:process_memory_win.cc(73)] ReadMemory at 0x8a6528 of 72 bytes failed: Only part of a ReadProcessMemory or WriteProcessMemory request was completed. (0x12B)
[0519/165342.068:ERROR:process_memory_win.cc(73)] ReadMemory at 0x8a65d8 of 72 bytes failed: Only part of a ReadProcessMemory or WriteProcessMemory request was completed. (0x12B)
[0519/165342.069:ERROR:process_memory_win.cc(73)] ReadMemory at 0x8a6688 of 72 bytes failed: Only part of a ReadProcessMemory or WriteProcessMemory request was completed. (0x12B)
[0519/165342.069:ERROR:process_memory_win.cc(73)] ReadMemory at 0x8a6738 of 72 bytes failed: Only part of a ReadProcessMemory or WriteProcessMemory request was completed. (0x12B)
[0519/165342.069:ERROR:process_memory_win.cc(73)] ReadMemory at 0x8a7098 of 64 bytes failed: Only part of a ReadProcessMemory or WriteProcessMemory request was completed. (0x12B)
[0519/165342.070:ERROR:process_memory_win.cc(73)] ReadMemory at 0x8a7288 of 76 bytes failed: Only part of a ReadProcessMemory or WriteProcessMemory request was completed. (0x12B)
[0519/165342.070:ERROR:process_memory_win.cc(73)] ReadMemory at 0x8a7330 of 80 bytes failed: Only part of a ReadProcessMemory or WriteProcessMemory request was completed. (0x12B)
[0519/165342.071:ERROR:process_memory_win.cc(73)] ReadMemory at 0x8a89f8 of 64 bytes failed: Only part of a ReadProcessMemory or WriteProcessMemory request was completed. (0x12B)
[0519/165342.071:ERROR:process_memory_win.cc(73)] ReadMemory at 0x8a9258 of 64 bytes failed: Only part of a ReadProcessMemory or WriteProcessMemory request was completed. (0x12B)
[0519/165342.071:ERROR:process_memory_win.cc(73)] ReadMemory at 0x8a9df8 of 72 bytes failed: Only part of a ReadProcessMemory or WriteProcessMemory request was completed. (0x12B)
[0519/165342.072:ERROR:process_memory_win.cc(73)] ReadMemory at 0x8aa428 of 72 bytes failed: Only part of a ReadProcessMemory or WriteProcessMemory request was completed. (0x12B)
[0519/165342.073:ERROR:process_memory_win.cc(73)] ReadMemory at 0x8aa798 of 72 bytes failed: Only part of a ReadProcessMemory or WriteProcessMemory request was completed. (0x12B)
[0519/165342.073:ERROR:process_memory_win.cc(73)] ReadMemory at 0x8ab900 of 54 bytes failed: Only part of a ReadProcessMemory or WriteProcessMemory request was completed. (0x12B)
[0519/165342.074:ERROR:process_memory_win.cc(73)] ReadMemory at 0xa583a0 of 612 bytes failed: Only part of a ReadProcessMemory or WriteProcessMemory request was completed. (0x12B)
[0519/165342.074:ERROR:process_memory_win.cc(73)] ReadMemory at 0xa67a80 of 512 bytes failed: Only part of a ReadProcessMemory or WriteProcessMemory request was completed. (0x12B)
[0519/165342.075:ERROR:process_memory_win.cc(73)] ReadMemory at 0xae0028 of 512 bytes failed: Only part of a ReadProcessMemory or WriteProcessMemory request was completed. (0x12B)
[0519/165342.075:ERROR:process_memory_win.cc(73)] ReadMemory at 0xc40375 of 512 bytes failed: Only part of a ReadProcessMemory or WriteProcessMemory request was completed. (0x12B)
[0519/165342.076:ERROR:process_memory_win.cc(73)] ReadMemory at 0xca2bd1 of 512 bytes failed: Only part of a ReadProcessMemory or WriteProcessMemory request was completed. (0x12B)
[0519/165342.076:ERROR:process_memory_win.cc(73)] ReadMemory at 0x3a404000 of 396 bytes failed: Only part of a ReadProcessMemory or WriteProcessMemory request was completed. (0x12B)
[0519/165342.077:ERROR:process_memory_win.cc(73)] ReadMemory at 0x7767ec00 of 512 bytes failed: Only part of a ReadProcessMemory or WriteProcessMemory request was completed. (0x12B)
[0519/165342.077:ERROR:process_memory_win.cc(73)] ReadMemory at 0x77a98010 of 18 bytes failed: Only part of a ReadProcessMemory or WriteProcessMemory request was completed. (0x12B)
[0519/165342.077:ERROR:process_memory_win.cc(73)] ReadMemory at 0x77b215b0 of 512 bytes failed: Only part of a ReadProcessMemory or WriteProcessMemory request was completed. (0x12B)
[0519/165342.078:ERROR:process_memory_win.cc(73)] ReadMemory at 0x77baa378 of 24 bytes failed: Only part of a ReadProcessMemory or WriteProcessMemory request was completed. (0x12B)
[0519/165342.078:ERROR:process_memory_win.cc(73)] ReadMemory at 0x77baa714 of 32 bytes failed: Only part of a ReadProcessMemory or WriteProcessMemory request was completed. (0x12B)
[0519/165342.078:ERROR:process_memory_win.cc(73)] ReadMemory at 0x77bacb80 of 36 bytes failed: Only part of a ReadProcessMemory or WriteProcessMemory request was completed. (0x12B)
[0519/165342.079:ERROR:process_memory_win.cc(73)] ReadMemory at 0x79332ca8 of 512 bytes failed: Only part of a ReadProcessMemory or WriteProcessMemory request was completed. (0x12B)
[0519/165342.080:ERROR:process_memory_win.cc(73)] ReadMemory at 0x7933335c of 512 bytes failed: Only part of a ReadProcessMemory or WriteProcessMemory request was completed. (0x12B)
[0519/165342.085:ERROR:scoped_process_suspend.cc(40)] NtResumeProcess: An attempt was made to access an exiting process. (0xc000010a)
[0519/165953.444:ERROR:process_reader_win.cc(151)] SuspendThread: Access is denied. (0x5)
[0519/165953.997:ERROR:exception_snapshot_win.cc(98)] thread ID 15432 not found in process
[0519/165953.998:ERROR:scoped_process_suspend.cc(40)] NtResumeProcess: An attempt was made to access an exiting process. (0xc000010a)
